{"name":"hexo","hostname":"Archlinux-lengyue","pid":22015,"level":20,"msg":"Hexo version: \u001b[35m3.4.3\u001b[39m","time":"2017-12-11T15:12:46.356Z","v":0}
{"name":"hexo","hostname":"Archlinux-lengyue","pid":22015,"level":20,"msg":"Working directory: \u001b[35m~/MEGA/Emacs-lengyue/Blog-lengyue/\u001b[39m","time":"2017-12-11T15:12:46.359Z","v":0}
{"name":"hexo","hostname":"Archlinux-lengyue","pid":22015,"level":20,"msg":"Config loaded: \u001b[35m~/MEGA/Emacs-lengyue/Blog-lengyue/_config.yml\u001b[39m","time":"2017-12-11T15:12:46.432Z","v":0}
{"name":"hexo","hostname":"Archlinux-lengyue","pid":22015,"level":20,"msg":"Plugin loaded: \u001b[35mhexo-deployer-git\u001b[39m","time":"2017-12-11T15:12:46.486Z","v":0}
{"name":"hexo","hostname":"Archlinux-lengyue","pid":22015,"level":20,"msg":"Plugin loaded: \u001b[35mhexo-deployer-heroku\u001b[39m","time":"2017-12-11T15:12:46.553Z","v":0}
{"name":"hexo","hostname":"Archlinux-lengyue","pid":22015,"level":20,"msg":"Plugin loaded: \u001b[35mhexo-deployer-openshift\u001b[39m","time":"2017-12-11T15:12:46.616Z","v":0}
{"name":"hexo","hostname":"Archlinux-lengyue","pid":22015,"level":20,"msg":"Plugin loaded: \u001b[35mhexo-deployer-rsync\u001b[39m","time":"2017-12-11T15:12:46.654Z","v":0}
{"name":"hexo","hostname":"Archlinux-lengyue","pid":22015,"level":20,"msg":"Plugin loaded: \u001b[35mhexo-fs\u001b[39m","time":"2017-12-11T15:12:46.657Z","v":0}
{"name":"hexo","hostname":"Archlinux-lengyue","pid":22015,"level":20,"msg":"Plugin loaded: \u001b[35mhexo-generator-archive\u001b[39m","time":"2017-12-11T15:12:46.659Z","v":0}
{"name":"hexo","hostname":"Archlinux-lengyue","pid":22015,"level":20,"msg":"Plugin loaded: \u001b[35mhexo-generator-category\u001b[39m","time":"2017-12-11T15:12:46.660Z","v":0}
{"name":"hexo","hostname":"Archlinux-lengyue","pid":22015,"level":20,"msg":"Plugin loaded: \u001b[35mhexo-generator-feed\u001b[39m","time":"2017-12-11T15:12:46.679Z","v":0}
{"name":"hexo","hostname":"Archlinux-lengyue","pid":22015,"level":20,"msg":"Plugin loaded: \u001b[35mhexo-generator-index\u001b[39m","time":"2017-12-11T15:12:46.680Z","v":0}
{"name":"hexo","hostname":"Archlinux-lengyue","pid":22015,"level":20,"msg":"Plugin loaded: \u001b[35mhexo-generator-sitemap\u001b[39m","time":"2017-12-11T15:12:46.681Z","v":0}
{"name":"hexo","hostname":"Archlinux-lengyue","pid":22015,"level":20,"msg":"Plugin loaded: \u001b[35mhexo-generator-tag\u001b[39m","time":"2017-12-11T15:12:46.683Z","v":0}
{"name":"hexo","hostname":"Archlinux-lengyue","pid":22015,"level":20,"msg":"Plugin loaded: \u001b[35mhexo-inject\u001b[39m","time":"2017-12-11T15:12:46.852Z","v":0}
{"name":"hexo","hostname":"Archlinux-lengyue","pid":22015,"level":20,"msg":"Plugin loaded: \u001b[35mhexo-renderer-ejs\u001b[39m","time":"2017-12-11T15:12:46.854Z","v":0}
{"name":"hexo","hostname":"Archlinux-lengyue","pid":22015,"level":20,"msg":"Plugin loaded: \u001b[35mhexo-renderer-marked\u001b[39m","time":"2017-12-11T15:12:46.914Z","v":0}
{"name":"hexo","hostname":"Archlinux-lengyue","pid":22015,"level":20,"msg":"Plugin loaded: \u001b[35mhexo-renderer-org\u001b[39m","time":"2017-12-11T15:12:47.038Z","v":0}
{"name":"hexo","hostname":"Archlinux-lengyue","pid":22015,"level":20,"msg":"Plugin loaded: \u001b[35mhexo-renderer-pandoc\u001b[39m","time":"2017-12-11T15:12:47.085Z","v":0}
{"name":"hexo","hostname":"Archlinux-lengyue","pid":22015,"level":20,"msg":"Plugin loaded: \u001b[35mhexo-renderer-stylus\u001b[39m","time":"2017-12-11T15:12:47.165Z","v":0}
{"name":"hexo","hostname":"Archlinux-lengyue","pid":22015,"level":20,"msg":"Plugin loaded: \u001b[35mhexo-server\u001b[39m","time":"2017-12-11T15:12:47.215Z","v":0}
{"name":"hexo","hostname":"Archlinux-lengyue","pid":22015,"level":20,"msg":"Script loaded: \u001b[35mthemes/next/scripts/merge-configs.js\u001b[39m","time":"2017-12-11T15:12:47.224Z","v":0}
{"name":"hexo","hostname":"Archlinux-lengyue","pid":22015,"level":20,"msg":"Script loaded: \u001b[35mthemes/next/scripts/merge.js\u001b[39m","time":"2017-12-11T15:12:47.228Z","v":0}
{"name":"hexo","hostname":"Archlinux-lengyue","pid":22015,"level":20,"msg":"Script loaded: \u001b[35mthemes/next/scripts/tags/button.js\u001b[39m","time":"2017-12-11T15:12:47.228Z","v":0}
{"name":"hexo","hostname":"Archlinux-lengyue","pid":22015,"level":20,"msg":"Script loaded: \u001b[35mthemes/next/scripts/tags/exturl.js\u001b[39m","time":"2017-12-11T15:12:47.239Z","v":0}
{"name":"hexo","hostname":"Archlinux-lengyue","pid":22015,"level":20,"msg":"Script loaded: \u001b[35mthemes/next/scripts/tags/center-quote.js\u001b[39m","time":"2017-12-11T15:12:47.239Z","v":0}
{"name":"hexo","hostname":"Archlinux-lengyue","pid":22015,"level":20,"msg":"Script loaded: \u001b[35mthemes/next/scripts/tags/full-image.js\u001b[39m","time":"2017-12-11T15:12:47.239Z","v":0}
{"name":"hexo","hostname":"Archlinux-lengyue","pid":22015,"level":20,"msg":"Script loaded: \u001b[35mthemes/next/scripts/tags/group-pictures.js\u001b[39m","time":"2017-12-11T15:12:47.240Z","v":0}
{"name":"hexo","hostname":"Archlinux-lengyue","pid":22015,"level":20,"msg":"Script loaded: \u001b[35mthemes/next/scripts/tags/note.js\u001b[39m","time":"2017-12-11T15:12:47.240Z","v":0}
{"name":"hexo","hostname":"Archlinux-lengyue","pid":22015,"level":20,"msg":"[hexo-inject] firing inject_ready","time":"2017-12-11T15:12:47.241Z","v":0}
{"name":"hexo","hostname":"Archlinux-lengyue","pid":22015,"level":30,"msg":"Deleted database.","time":"2017-12-11T15:12:47.243Z","v":0}
{"name":"hexo","hostname":"Archlinux-lengyue","pid":22015,"level":20,"msg":"Database saved","time":"2017-12-11T15:12:47.247Z","v":0}
{"name":"hexo","hostname":"Archlinux-lengyue","pid":24466,"level":20,"msg":"Hexo version: \u001b[35m3.4.3\u001b[39m","time":"2017-12-11T15:19:00.214Z","v":0}
{"name":"hexo","hostname":"Archlinux-lengyue","pid":24466,"level":20,"msg":"Working directory: \u001b[35m~/MEGA/Emacs-lengyue/Blog-lengyue/\u001b[39m","time":"2017-12-11T15:19:00.216Z","v":0}
{"name":"hexo","hostname":"Archlinux-lengyue","pid":24466,"level":20,"msg":"Config loaded: \u001b[35m~/MEGA/Emacs-lengyue/Blog-lengyue/_config.yml\u001b[39m","time":"2017-12-11T15:19:00.304Z","v":0}
{"name":"hexo","hostname":"Archlinux-lengyue","pid":24466,"level":20,"msg":"Plugin loaded: \u001b[35mhexo-deployer-git\u001b[39m","time":"2017-12-11T15:19:00.367Z","v":0}
{"name":"hexo","hostname":"Archlinux-lengyue","pid":24466,"level":20,"msg":"Plugin loaded: \u001b[35mhexo-deployer-heroku\u001b[39m","time":"2017-12-11T15:19:00.440Z","v":0}
{"name":"hexo","hostname":"Archlinux-lengyue","pid":24466,"level":20,"msg":"Plugin loaded: \u001b[35mhexo-deployer-openshift\u001b[39m","time":"2017-12-11T15:19:00.517Z","v":0}
{"name":"hexo","hostname":"Archlinux-lengyue","pid":24466,"level":20,"msg":"Plugin loaded: \u001b[35mhexo-fs\u001b[39m","time":"2017-12-11T15:19:00.520Z","v":0}
{"name":"hexo","hostname":"Archlinux-lengyue","pid":24466,"level":20,"msg":"Plugin loaded: \u001b[35mhexo-generator-archive\u001b[39m","time":"2017-12-11T15:19:00.523Z","v":0}
{"name":"hexo","hostname":"Archlinux-lengyue","pid":24466,"level":20,"msg":"Plugin loaded: \u001b[35mhexo-deployer-rsync\u001b[39m","time":"2017-12-11T15:19:00.566Z","v":0}
{"name":"hexo","hostname":"Archlinux-lengyue","pid":24466,"level":20,"msg":"Plugin loaded: \u001b[35mhexo-generator-category\u001b[39m","time":"2017-12-11T15:19:00.567Z","v":0}
{"name":"hexo","hostname":"Archlinux-lengyue","pid":24466,"level":20,"msg":"Plugin loaded: \u001b[35mhexo-generator-feed\u001b[39m","time":"2017-12-11T15:19:00.587Z","v":0}
{"name":"hexo","hostname":"Archlinux-lengyue","pid":24466,"level":20,"msg":"Plugin loaded: \u001b[35mhexo-generator-index\u001b[39m","time":"2017-12-11T15:19:00.588Z","v":0}
{"name":"hexo","hostname":"Archlinux-lengyue","pid":24466,"level":20,"msg":"Plugin loaded: \u001b[35mhexo-generator-sitemap\u001b[39m","time":"2017-12-11T15:19:00.590Z","v":0}
{"name":"hexo","hostname":"Archlinux-lengyue","pid":24466,"level":20,"msg":"Plugin loaded: \u001b[35mhexo-inject\u001b[39m","time":"2017-12-11T15:19:00.793Z","v":0}
{"name":"hexo","hostname":"Archlinux-lengyue","pid":24466,"level":20,"msg":"Plugin loaded: \u001b[35mhexo-generator-tag\u001b[39m","time":"2017-12-11T15:19:00.794Z","v":0}
{"name":"hexo","hostname":"Archlinux-lengyue","pid":24466,"level":30,"msg":"[hexo-math] Using engine 'mathjax'","time":"2017-12-11T15:19:00.830Z","v":0}
{"name":"hexo","hostname":"Archlinux-lengyue","pid":24466,"level":20,"msg":"Plugin loaded: \u001b[35mhexo-math\u001b[39m","time":"2017-12-11T15:19:00.830Z","v":0}
{"name":"hexo","hostname":"Archlinux-lengyue","pid":24466,"level":20,"msg":"Plugin loaded: \u001b[35mhexo-renderer-ejs\u001b[39m","time":"2017-12-11T15:19:00.833Z","v":0}
{"name":"hexo","hostname":"Archlinux-lengyue","pid":24466,"level":20,"msg":"Plugin loaded: \u001b[35mhexo-renderer-marked\u001b[39m","time":"2017-12-11T15:19:00.889Z","v":0}
{"name":"hexo","hostname":"Archlinux-lengyue","pid":24466,"level":20,"msg":"Plugin loaded: \u001b[35mhexo-renderer-pandoc\u001b[39m","time":"2017-12-11T15:19:00.890Z","v":0}
{"name":"hexo","hostname":"Archlinux-lengyue","pid":24466,"level":20,"msg":"Plugin loaded: \u001b[35mhexo-renderer-stylus\u001b[39m","time":"2017-12-11T15:19:01.015Z","v":0}
{"name":"hexo","hostname":"Archlinux-lengyue","pid":24466,"level":20,"msg":"Plugin loaded: \u001b[35mhexo-server\u001b[39m","time":"2017-12-11T15:19:01.073Z","v":0}
{"name":"hexo","hostname":"Archlinux-lengyue","pid":24466,"level":20,"msg":"Script loaded: \u001b[35mthemes/next/scripts/merge-configs.js\u001b[39m","time":"2017-12-11T15:19:01.084Z","v":0}
{"name":"hexo","hostname":"Archlinux-lengyue","pid":24466,"level":20,"msg":"Script loaded: \u001b[35mthemes/next/scripts/tags/exturl.js\u001b[39m","time":"2017-12-11T15:19:01.095Z","v":0}
{"name":"hexo","hostname":"Archlinux-lengyue","pid":24466,"level":20,"msg":"Script loaded: \u001b[35mthemes/next/scripts/tags/center-quote.js\u001b[39m","time":"2017-12-11T15:19:01.096Z","v":0}
{"name":"hexo","hostname":"Archlinux-lengyue","pid":24466,"level":20,"msg":"Script loaded: \u001b[35mthemes/next/scripts/tags/full-image.js\u001b[39m","time":"2017-12-11T15:19:01.096Z","v":0}
{"name":"hexo","hostname":"Archlinux-lengyue","pid":24466,"level":20,"msg":"Script loaded: \u001b[35mthemes/next/scripts/tags/button.js\u001b[39m","time":"2017-12-11T15:19:01.096Z","v":0}
{"name":"hexo","hostname":"Archlinux-lengyue","pid":24466,"level":20,"msg":"Script loaded: \u001b[35mthemes/next/scripts/tags/group-pictures.js\u001b[39m","time":"2017-12-11T15:19:01.097Z","v":0}
{"name":"hexo","hostname":"Archlinux-lengyue","pid":24466,"level":20,"msg":"Script loaded: \u001b[35mthemes/next/scripts/merge.js\u001b[39m","time":"2017-12-11T15:19:01.099Z","v":0}
{"name":"hexo","hostname":"Archlinux-lengyue","pid":24466,"level":20,"msg":"Script loaded: \u001b[35mthemes/next/scripts/tags/note.js\u001b[39m","time":"2017-12-11T15:19:01.099Z","v":0}
{"name":"hexo","hostname":"Archlinux-lengyue","pid":24466,"level":20,"msg":"[hexo-inject] firing inject_ready","time":"2017-12-11T15:19:01.100Z","v":0}
{"name":"hexo","hostname":"Archlinux-lengyue","pid":24466,"level":30,"msg":"Deleted database.","time":"2017-12-11T15:19:01.104Z","v":0}
{"name":"hexo","hostname":"Archlinux-lengyue","pid":24466,"level":20,"msg":"[hexo-inject] SKIP: undefined","time":"2017-12-11T15:19:01.113Z","v":0}
{"name":"hexo","hostname":"Archlinux-lengyue","pid":24466,"level":20,"err":{"message":"Incomplete document","name":"Error","stack":"Error: Incomplete document\n    at Inject._transform (/home/lengyue/MEGA/Emacs-lengyue/Blog-lengyue/node_modules/hexo-inject/lib/mixin/transform.js:29:34)\n    at Hexo.tryCatcher (/home/lengyue/MEGA/Emacs-lengyue/Blog-lengyue/node_modules/hexo/node_modules/bluebird/js/release/util.js:16:23)\n    at Hexo.<anonymous> (/home/lengyue/MEGA/Emacs-lengyue/Blog-lengyue/node_modules/hexo/node_modules/bluebird/js/release/method.js:15:34)\n    at /home/lengyue/MEGA/Emacs-lengyue/Blog-lengyue/node_modules/hexo/lib/extend/filter.js:68:35\n    at tryCatcher (/home/lengyue/MEGA/Emacs-lengyue/Blog-lengyue/node_modules/hexo/node_modules/bluebird/js/release/util.js:16:23)\n    at Object.gotValue (/home/lengyue/MEGA/Emacs-lengyue/Blog-lengyue/node_modules/hexo/node_modules/bluebird/js/release/reduce.js:155:18)\n    at Object.gotAccum (/home/lengyue/MEGA/Emacs-lengyue/Blog-lengyue/node_modules/hexo/node_modules/bluebird/js/release/reduce.js:144:25)\n    at Object.tryCatcher (/home/lengyue/MEGA/Emacs-lengyue/Blog-lengyue/node_modules/hexo/node_modules/bluebird/js/release/util.js:16:23)\n    at Promise._settlePromiseFromHandler (/home/lengyue/MEGA/Emacs-lengyue/Blog-lengyue/node_modules/hexo/node_modules/bluebird/js/release/promise.js:512:31)\n    at Promise._settlePromise (/home/lengyue/MEGA/Emacs-lengyue/Blog-lengyue/node_modules/hexo/node_modules/bluebird/js/release/promise.js:569:18)\n    at Promise._settlePromiseCtx (/home/lengyue/MEGA/Emacs-lengyue/Blog-lengyue/node_modules/hexo/node_modules/bluebird/js/release/promise.js:606:10)\n    at Async._drainQueue (/home/lengyue/MEGA/Emacs-lengyue/Blog-lengyue/node_modules/hexo/node_modules/bluebird/js/release/async.js:138:12)\n    at Async._drainQueues (/home/lengyue/MEGA/Emacs-lengyue/Blog-lengyue/node_modules/hexo/node_modules/bluebird/js/release/async.js:143:10)\n    at Immediate.Async.drainQueues [as _onImmediate] (/home/lengyue/MEGA/Emacs-lengyue/Blog-lengyue/node_modules/hexo/node_modules/bluebird/js/release/async.js:17:14)\n    at runCallback (timers.js:800:20)\n    at tryOnImmediate (timers.js:762:5)\n    at processImmediate [as _immediateCallback] (timers.js:733:5)"},"msg":"Incomplete document","time":"2017-12-11T15:19:01.113Z","v":0}
{"name":"hexo","hostname":"Archlinux-lengyue","pid":24466,"level":20,"msg":"Database saved","time":"2017-12-11T15:19:01.116Z","v":0}
